<?xml version="1.0" encoding="UTF-8"?>
<testsuite xmlns:xsi="http://www.w3.org/2001/XMLSchema-instance" xsi:noNamespaceSchemaLocation="https://maven.apache.org/surefire/maven-surefire-plugin/xsd/surefire-test-report.xsd" version="3.0.1" name="edu.unisabana.dyas.tdd.registry.RegistryTest" time="0.097" tests="1" errors="0" skipped="0" failures="0">
  <properties>
    <property name="java.specification.version" value="22"/>
    <property name="sun.cpu.isalist" value="amd64"/>
    <property name="sun.jnu.encoding" value="Cp1252"/>
    <property name="java.class.path" value="C:\Users\santi\Documents\Universidad\DiseñoyArquitecturadeSoftware\tallerTres\ClasesEquivalencia\target\test-classes;C:\Users\santi\Documents\Universidad\DiseñoyArquitecturadeSoftware\tallerTres\ClasesEquivalencia\target\classes;C:\Users\santi\.m2\repository\junit\junit\4.13.2\junit-4.13.2.jar;C:\Users\santi\.m2\repository\org\hamcrest\hamcrest-core\1.3\hamcrest-core-1.3.jar;"/>
    <property name="java.vm.vendor" value="Oracle Corporation"/>
    <property name="sun.arch.data.model" value="64"/>
    <property name="user.variant" value=""/>
    <property name="java.vendor.url" value="https://java.oracle.com/"/>
    <property name="user.timezone" value="America/Bogota"/>
    <property name="os.name" value="Windows 11"/>
    <property name="java.vm.specification.version" value="22"/>
    <property name="sun.java.launcher" value="SUN_STANDARD"/>
    <property name="user.country" value="CO"/>
    <property name="sun.boot.library.path" value="C:\Program Files\Java\jdk-22\bin"/>
    <property name="sun.java.command" value="C:\Users\santi\AppData\Local\Temp\surefire13112460275149699867\surefirebooter-20240909184536796_3.jar C:\Users\santi\AppData\Local\Temp\surefire13112460275149699867 2024-09-09T18-45-36_688-jvmRun1 surefire-20240909184536796_1tmp surefire_0-20240909184536796_2tmp"/>
    <property name="jdk.debug" value="release"/>
    <property name="surefire.test.class.path" value="C:\Users\santi\Documents\Universidad\DiseñoyArquitecturadeSoftware\tallerTres\ClasesEquivalencia\target\test-classes;C:\Users\santi\Documents\Universidad\DiseñoyArquitecturadeSoftware\tallerTres\ClasesEquivalencia\target\classes;C:\Users\santi\.m2\repository\junit\junit\4.13.2\junit-4.13.2.jar;C:\Users\santi\.m2\repository\org\hamcrest\hamcrest-core\1.3\hamcrest-core-1.3.jar;"/>
    <property name="sun.cpu.endian" value="little"/>
    <property name="user.home" value="C:\Users\santi"/>
    <property name="user.language" value="es"/>
    <property name="java.specification.vendor" value="Oracle Corporation"/>
    <property name="java.version.date" value="2024-07-16"/>
    <property name="java.home" value="C:\Program Files\Java\jdk-22"/>
    <property name="file.separator" value="\"/>
    <property name="basedir" value="C:\Users\santi\Documents\Universidad\DiseñoyArquitecturadeSoftware\tallerTres\ClasesEquivalencia"/>
    <property name="java.vm.compressedOopsMode" value="Zero based"/>
    <property name="line.separator" value="&#10;"/>
    <property name="java.vm.specification.vendor" value="Oracle Corporation"/>
    <property name="java.specification.name" value="Java Platform API Specification"/>
    <property name="surefire.real.class.path" value="C:\Users\santi\AppData\Local\Temp\surefire13112460275149699867\surefirebooter-20240909184536796_3.jar"/>
    <property name="user.script" value=""/>
    <property name="sun.management.compiler" value="HotSpot 64-Bit Tiered Compilers"/>
    <property name="java.runtime.version" value="22.0.2+9-70"/>
    <property name="user.name" value="santi"/>
    <property name="stdout.encoding" value="Cp1252"/>
    <property name="path.separator" value=";"/>
    <property name="os.version" value="10.0"/>
    <property name="java.runtime.name" value="Java(TM) SE Runtime Environment"/>
    <property name="file.encoding" value="UTF-8"/>
    <property name="java.vm.name" value="Java HotSpot(TM) 64-Bit Server VM"/>
    <property name="localRepository" value="C:\Users\santi\.m2\repository"/>
    <property name="java.vendor.url.bug" value="https://bugreport.java.com/bugreport/"/>
    <property name="java.io.tmpdir" value="C:\Users\santi\AppData\Local\Temp\"/>
    <property name="java.version" value="22.0.2"/>
    <property name="user.dir" value="C:\Users\santi\Documents\Universidad\DiseñoyArquitecturadeSoftware\tallerTres\ClasesEquivalencia"/>
    <property name="os.arch" value="amd64"/>
    <property name="java.vm.specification.name" value="Java Virtual Machine Specification"/>
    <property name="sun.os.patch.level" value=""/>
    <property name="native.encoding" value="Cp1252"/>
    <property name="java.library.path" value="C:\Program Files\Java\jdk-22\bin;C:\Windows\Sun\Java\bin;C:\Windows\system32;C:\Windows;C:\Program Files\Common Files\Oracle\Java\javapath;C:\Windows\system32;C:\Windows;C:\Windows\System32\Wbem;C:\Windows\System32\WindowsPowerShell\v1.0\;C:\Windows\System32\OpenSSH\;C:\Program Files (x86)\NVIDIA Corporation\PhysX\Common;C:\Program Files\NVIDIA Corporation\NVIDIA NvDLISR;C:\Program Files\Git\cmd;C:\Users\santi\AppData\Local\Microsoft\WindowsApps;C:\Program Files\Java\jdk-22\bin;C:\ProgramData\chocolatey\bin;C:\ProgramData\mingw64\mingw64\bin;C:\Program Files\nodejs\;C:\Users\santi\AppData\Local\nvim-data\mason\packages\jdtls;C:\Users\santi\AppData\Local\Programs\Python\Python312\;C:\Program Files\apache-maven-3.9.8\bin;C:\Program Files\Java\jdk-22\bin;C:\Users\santi\AppData\Local\flutter_windows_3.24.0-stable\flutter\bin;C:\Users\santi\AppData\Local\Android\Sdk\emulator;C:\Users\santi\AppData\Local\Android\Sdk\platform-tools;C:\Users\santi\AppData\Local\Android\Sdk\tools;C:\Users\santi\AppData\Local\Android\Sdk\tools\bin;C:\Users\santi\AppData\Local\Programs\Python\Python312\Scripts\;C:\Users\santi\AppData\Local\Programs\Python\Python312\;C:\Users\santi\AppData\Local\Microsoft\WindowsApps;C:\Program Files\Java\jdk-22\bin;;C:\tools\neovim\nvim-win64\bin;C:\ProgramData\mingw64\mingw64\bin;C:\Users\santi\AppData\Roaming\npm;&apos;C:\Users\santi\AppData\Local\nvim-data\mason\packages\jdtls\bin;."/>
    <property name="java.vm.info" value="mixed mode, sharing"/>
    <property name="stderr.encoding" value="Cp1252"/>
    <property name="java.vendor" value="Oracle Corporation"/>
    <property name="java.vm.version" value="22.0.2+9-70"/>
    <property name="sun.io.unicode.encoding" value="UnicodeLittle"/>
    <property name="java.class.version" value="66.0"/>
  </properties>
  <testcase name="validateRegistryResult" classname="edu.unisabana.dyas.tdd.registry.RegistryTest" time="0.008"/>
</testsuite>